{
  "stats": {
    "suites": 1,
    "tests": 7,
    "passes": 7,
    "pending": 0,
    "failures": 0,
    "start": "2018-07-21T08:31:34.169Z",
    "end": "2018-07-21T08:31:35.033Z",
    "duration": 864,
    "testsRegistered": 7,
    "passPercent": 100,
    "pendingPercent": 0,
    "other": 0,
    "hasOther": false,
    "skipped": 0,
    "hasSkipped": false,
    "passPercentClass": "success",
    "pendingPercentClass": "danger"
  },
  "suites": {
    "uuid": "930b0258-30eb-4363-977b-335a9904c6f5",
    "title": "",
    "fullFile": "",
    "file": "",
    "beforeHooks": [],
    "afterHooks": [
      {
        "title": "\"after each\" hook",
        "fullTitle": "\"after each\" hook",
        "timedOut": false,
        "duration": 0,
        "pass": false,
        "fail": false,
        "pending": false,
        "code": "checkForUnfulfilledExpectations.call(this);\nrecordedExpects = [];",
        "err": {},
        "isRoot": true,
        "uuid": "cdca6aa4-7f12-4a75-9440-48a4c7a03221",
        "isHook": true,
        "skipped": false
      }
    ],
    "tests": [],
    "suites": [
      {
        "uuid": "5106068b-005b-48f7-9a8c-16755b8aa2ab",
        "title": "First API Test",
        "fullFile": "/Users/zac/Documents/chakram-demo/test/first_test.js",
        "file": "/test/first_test.js",
        "beforeHooks": [
          {
            "title": "\"before all\" hook",
            "fullTitle": "First API Test \"before all\" hook",
            "timedOut": false,
            "duration": 9,
            "pass": false,
            "fail": false,
            "pending": false,
            "code": "let baseURL = \"https://reqres.in/api/users?page=2\";\n\nreturn chakram.wait(response = chakram.get(baseURL));",
            "err": {},
            "isRoot": false,
            "uuid": "d723aa17-cda6-4493-8c6a-68d8f0c73a2f",
            "isHook": true,
            "skipped": false
          }
        ],
        "afterHooks": [],
        "tests": [
          {
            "title": "displays the response",
            "fullTitle": "First API Test displays the response",
            "timedOut": false,
            "duration": 705,
            "state": "passed",
            "speed": "slow",
            "pass": true,
            "fail": false,
            "pending": false,
            "code": "return response.then((api_response)=>{\n    console.log( api_response.body );\n});",
            "err": {},
            "isRoot": false,
            "uuid": "cdc3aac4-c3ef-4119-afa4-843cf9ab5316",
            "isHook": false,
            "skipped": false
          },
          {
            "title": "expects the response to be having status code 200",
            "fullTitle": "First API Test expects the response to be having status code 200",
            "timedOut": false,
            "duration": 82,
            "state": "passed",
            "speed": "slow",
            "pass": true,
            "fail": false,
            "pending": false,
            "code": "return response.then((api_response)=>{\n    expect(api_response).to.have.status(200)\n});",
            "err": {},
            "isRoot": false,
            "uuid": "3350ff96-1d59-4e44-83ab-1a512bfc6125",
            "isHook": false,
            "skipped": false
          },
          {
            "title": "asserts that response is json",
            "fullTitle": "First API Test asserts that response is json",
            "timedOut": false,
            "duration": 0,
            "state": "passed",
            "speed": "fast",
            "pass": true,
            "fail": false,
            "pending": false,
            "code": "return response.then((api_response)=>{\n    expect(api_response).to.be.json;\n});",
            "err": {},
            "isRoot": false,
            "uuid": "f5535f1a-7494-4415-b61d-748bcae26ae0",
            "isHook": false,
            "skipped": false
          },
          {
            "title": "checking header values",
            "fullTitle": "First API Test checking header values",
            "timedOut": false,
            "duration": 0,
            "state": "passed",
            "speed": "fast",
            "pass": true,
            "fail": false,
            "pending": false,
            "code": "return response.then((api_response)=>{\n    expect(api_response).to.have.header('Content-Type','application/json; charset=utf-8');\n});",
            "err": {},
            "isRoot": false,
            "uuid": "807f2e6c-f5fb-4eda-8da9-ac46dc283b20",
            "isHook": false,
            "skipped": false
          },
          {
            "title": "checks the data is an array",
            "fullTitle": "First API Test checks the data is an array",
            "timedOut": false,
            "duration": 1,
            "state": "passed",
            "speed": "fast",
            "pass": true,
            "fail": false,
            "pending": false,
            "code": "return response.then((api_response)=>{\n    expect(api_response.body.data).to.be.array;\n});",
            "err": {},
            "isRoot": false,
            "uuid": "05a0506a-3c96-4420-ba01-535328277225",
            "isHook": false,
            "skipped": false
          },
          {
            "title": "expects page to be 2",
            "fullTitle": "First API Test expects page to be 2",
            "timedOut": false,
            "duration": 0,
            "state": "passed",
            "speed": "fast",
            "pass": true,
            "fail": false,
            "pending": false,
            "code": "return response.then((api_response) => {\n    expect(api_response.body.page).to.equal(2);\n});",
            "err": {},
            "isRoot": false,
            "uuid": "96b6428a-5a59-4316-8e63-804b12605613",
            "isHook": false,
            "skipped": false
          },
          {
            "title": "prints all the ids from data",
            "fullTitle": "First API Test prints all the ids from data",
            "timedOut": false,
            "duration": 1,
            "state": "passed",
            "speed": "fast",
            "pass": true,
            "fail": false,
            "pending": false,
            "code": "let data_array = [];\nreturn response.then((api_response)=>{\n    data_array = api_response.body.data;\n    let r = data_array.filter(({id})=> id !==null);\n    for(var i=0;i<r.length;i++){\n        console.log(r[i].id);\n    }\n})",
            "err": {},
            "isRoot": false,
            "uuid": "a94e13a8-a695-4a01-8b9a-d27b611a4781",
            "isHook": false,
            "skipped": false
          }
        ],
        "suites": [],
        "passes": [
          "cdc3aac4-c3ef-4119-afa4-843cf9ab5316",
          "3350ff96-1d59-4e44-83ab-1a512bfc6125",
          "f5535f1a-7494-4415-b61d-748bcae26ae0",
          "807f2e6c-f5fb-4eda-8da9-ac46dc283b20",
          "05a0506a-3c96-4420-ba01-535328277225",
          "96b6428a-5a59-4316-8e63-804b12605613",
          "a94e13a8-a695-4a01-8b9a-d27b611a4781"
        ],
        "failures": [],
        "pending": [],
        "skipped": [],
        "duration": 789,
        "root": false,
        "rootEmpty": false,
        "_timeout": 2000
      }
    ],
    "passes": [],
    "failures": [],
    "pending": [],
    "skipped": [],
    "duration": 0,
    "root": true,
    "rootEmpty": true,
    "_timeout": 2000
  },
  "copyrightYear": 2018
}